TN:
SF:D:\webwork\karma-ietester-starter\index.js
FN:9,(anonymous_1)
FN:13,(anonymous_2)
FN:28,getIETesterExe
FNF:3
FNH:1
FNDA:0,(anonymous_1)
FNDA:0,(anonymous_2)
FNDA:1,getIETesterExe
DA:6,1
DA:7,1
DA:9,1
DA:10,0
DA:12,0
DA:13,0
DA:14,0
DA:19,0
DA:20,0
DA:21,0
DA:24,0
DA:28,1
DA:29,1
DA:30,0
DA:33,1
DA:37,1
DA:38,2
DA:39,1
DA:43,1
DA:46,1
DA:55,1
DA:59,1
LF:22
LH:13
BRDA:12,1,0,0
BRDA:12,1,1,0
BRDA:29,2,0,0
BRDA:29,2,1,1
BRDA:38,3,0,1
BRDA:38,3,1,1
BRDA:38,4,0,2
BRDA:38,4,1,2
BRF:8
BRH:5
end_of_record
